<?xml version="1.0" encoding="UTF-8"?>
<testng-results skipped="0" failed="0" ignored="0" total="1" passed="1">
  <reporter-output>
  </reporter-output>
  <suite name="Default suite" duration-ms="147" started-at="2019-12-27T03:43:06Z" finished-at="2019-12-27T03:43:06Z">
    <groups>
    </groups>
    <test name="Default test" duration-ms="147" started-at="2019-12-27T03:43:06Z" finished-at="2019-12-27T03:43:06Z">
      <class name="com.project.SuiteA.TC_001">
        <test-method status="PASS" signature="startProcess()[pri:0, instance:com.project.SuiteA.TC_001@3e6fa38a]" name="startProcess" is-config="true" duration-ms="35" started-at="2019-12-27T03:43:06Z" finished-at="2019-12-27T03:43:06Z">
          <reporter-output>
          </reporter-output>
        </test-method> <!-- startProcess -->
        <test-method status="PASS" signature="amazon()[pri:0, instance:com.project.SuiteA.TC_001@3e6fa38a]" name="amazon" duration-ms="19" started-at="2019-12-27T03:43:06Z" finished-at="2019-12-27T03:43:06Z">
          <reporter-output>
          </reporter-output>
        </test-method> <!-- amazon -->
      </class> <!-- com.project.SuiteA.TC_001 -->
    </test> <!-- Default test -->
  </suite> <!-- Default suite -->
</testng-results>
